<?xml version="1.0" encoding="UTF-8"?>
<!-- Generated by org.testng.reporters.JUnitReportReporter -->
<testsuite hostname="BLR-LP-600599A" failures="0" tests="5" name="scraping.Scrap" time="159.155" errors="0" timestamp="2025-03-21T20:20:36 IST" skipped="0">
  <testcase classname="scraping.Scrap" name="scrapping" time="32.686"/>
  <system-out/>
  <testcase classname="scraping.Scrap" name="scrapping" time="30.959"/>
  <system-out/>
  <testcase classname="scraping.Scrap" name="scrapping" time="30.963"/>
  <system-out/>
  <testcase classname="scraping.Scrap" name="scrapping" time="32.687"/>
  <system-out/>
  <testcase classname="scraping.Scrap" name="scrapping" time="31.860"/>
  <system-out/>
</testsuite> <!-- scraping.Scrap -->
